<?xml version="1.0" encoding="UTF-8"?>
<testsuite xmlns:xsi="http://www.w3.org/2001/XMLSchema-instance" xsi:noNamespaceSchemaLocation="https://maven.apache.org/surefire/maven-surefire-plugin/xsd/surefire-test-report-3.0.xsd" version="3.0" name="io.streamcrab.flink.NativeOperatorIntegrationTest" time="0.479" tests="4" errors="0" skipped="0" failures="0">
  <properties>
[...]
</properties>
  <testcase name="testCheckpointRestoreEndToEnd" classname="io.streamcrab.flink.NativeOperatorIntegrationTest" time="0.385">
    <system-out><![CDATA[[testCheckpointRestoreEndToEnd] snapshot size: 266 bytes
[testCheckpointRestoreEndToEnd] row 0: dept=eng total=100.0
[testCheckpointRestoreEndToEnd] row 1: dept=sales total=200.0
[testCheckpointRestoreEndToEnd] PASS: state restored successfully
]]></system-out>
    <system-err><![CDATA[SLF4J: Failed to load class "org.slf4j.impl.StaticLoggerBinder".
SLF4J: Defaulting to no-operation (NOP) logger implementation
SLF4J: See http://www.slf4j.org/codes.html#StaticLoggerBinder for further details.
]]></system-err>
  </testcase>
  <testcase name="testFilterOperatorEndToEnd" classname="io.streamcrab.flink.NativeOperatorIntegrationTest" time="0.002">
    <system-out><![CDATA[[testFilterOperatorEndToEnd] PASS: 2 rows [4, 5]
]]></system-out>
  </testcase>
  <testcase name="testPerformanceEndToEnd" classname="io.streamcrab.flink.NativeOperatorIntegrationTest" time="0.046">
    <system-out><![CDATA[[testPerformanceEndToEnd] JNI Filter E2E (1M rows): 187.1 M rows/sec (5.34 ms total)
[testPerformanceEndToEnd] PASS: 500000 rows output
]]></system-out>
  </testcase>
  <testcase name="testHashAggregateEndToEnd" classname="io.streamcrab.flink.NativeOperatorIntegrationTest" time="0.003">
    <system-out><![CDATA[[testHashAggregateEndToEnd] row 0: dept=eng total=450.0
[testHashAggregateEndToEnd] row 1: dept=sales total=250.0
[testHashAggregateEndToEnd] PASS: eng=450, sales=250
]]></system-out>
  </testcase>
</testsuite>